c:\users\acyb1\onedrive\ドキュメント\github\hal_04_proto_hanabi\hal_04_proto_hanabi\hanabiproto_jump\x64\debug\vc141.pdb
c:\users\acyb1\onedrive\ドキュメント\github\hal_04_proto_hanabi\hal_04_proto_hanabi\hanabiproto_jump\x64\debug\vc141.idb
c:\users\acyb1\onedrive\ドキュメント\github\hal_04_proto_hanabi\hal_04_proto_hanabi\hanabiproto_jump\x64\debug\timemanager.obj
c:\users\acyb1\onedrive\ドキュメント\github\hal_04_proto_hanabi\hal_04_proto_hanabi\hanabiproto_jump\x64\debug\stage.obj
c:\users\acyb1\onedrive\ドキュメント\github\hal_04_proto_hanabi\hal_04_proto_hanabi\hanabiproto_jump\x64\debug\sprite.obj
c:\users\acyb1\onedrive\ドキュメント\github\hal_04_proto_hanabi\hal_04_proto_hanabi\hanabiproto_jump\x64\debug\sound.obj
c:\users\acyb1\onedrive\ドキュメント\github\hal_04_proto_hanabi\hal_04_proto_hanabi\hanabiproto_jump\x64\debug\score.obj
c:\users\acyb1\onedrive\ドキュメント\github\hal_04_proto_hanabi\hal_04_proto_hanabi\hanabiproto_jump\x64\debug\renderer.obj
c:\users\acyb1\onedrive\ドキュメント\github\hal_04_proto_hanabi\hal_04_proto_hanabi\hanabiproto_jump\x64\debug\player.obj
c:\users\acyb1\onedrive\ドキュメント\github\hal_04_proto_hanabi\hal_04_proto_hanabi\hanabiproto_jump\x64\debug\main.obj
c:\users\acyb1\onedrive\ドキュメント\github\hal_04_proto_hanabi\hal_04_proto_hanabi\hanabiproto_jump\x64\debug\inputx.obj
c:\users\acyb1\onedrive\ドキュメント\github\hal_04_proto_hanabi\hal_04_proto_hanabi\hanabiproto_jump\x64\debug\input.obj
c:\users\acyb1\onedrive\ドキュメント\github\hal_04_proto_hanabi\hal_04_proto_hanabi\hanabiproto_jump\x64\debug\gameover_result.obj
c:\users\acyb1\onedrive\ドキュメント\github\hal_04_proto_hanabi\hal_04_proto_hanabi\hanabiproto_jump\x64\debug\game.obj
c:\users\acyb1\onedrive\ドキュメント\github\hal_04_proto_hanabi\hal_04_proto_hanabi\hanabiproto_jump\x64\debug\enemy.obj
c:\users\acyb1\onedrive\ドキュメント\github\hal_04_proto_hanabi\hal_04_proto_hanabi\hanabiproto_jump\x64\debug\collision.obj
c:\users\acyb1\onedrive\ドキュメント\github\hal_04_proto_hanabi\hal_04_proto_hanabi\hanabiproto_jump\x64\debug\clear_result.obj
c:\users\acyb1\onedrive\ドキュメント\github\hal_04_proto_hanabi\hal_04_proto_hanabi\hanabiproto_jump\x64\debug\camera.obj
c:\users\acyb1\onedrive\ドキュメント\github\hal_04_proto_hanabi\hal_04_proto_hanabi\hanabiproto_jump\x64\debug\bg.obj
c:\users\acyb1\onedrive\ドキュメント\github\hal_04_proto_hanabi\hal_04_proto_hanabi\hanabiproto_jump\x64\debug\benriclass.obj
c:\users\acyb1\onedrive\ドキュメント\github\hal_04_proto_hanabi\hal_04_proto_hanabi\hanabiproto_jump\x64\debug\attackhanabi.obj
c:\users\acyb1\onedrive\ドキュメント\github\hal_04_proto_hanabi\hal_04_proto_hanabi\hanabiproto_jump\x64\debug\akariobject.obj
c:\users\acyb1\onedrive\ドキュメント\github\hal_04_proto_hanabi\hal_04_proto_hanabi\hanabiproto_jump\x64\debug\title.obj
c:\users\acyb1\onedrive\ドキュメント\github\hal_04_proto_hanabi\hal_04_proto_hanabi\hanabiproto_jump\x64\debug\texture.obj
c:\users\acyb1\documents\github\hal_04_proto_hanabi\hanabiproto_jump\x64\debug\vc141.pdb
c:\users\acyb1\documents\github\hal_04_proto_hanabi\hanabiproto_jump\x64\debug\vc141.idb
c:\users\acyb1\documents\github\hal_04_proto_hanabi\hanabiproto_jump\x64\debug\sound.obj
c:\users\acyb1\documents\github\hal_04_proto_hanabi\hanabiproto_jump\x64\debug\sprite.obj
c:\users\acyb1\onedrive\ドキュメント\github\hal_04_proto_hanabi\hal_04_proto_hanabi\hanabiproto_jump\x64\debug\sample.exe
c:\users\acyb1\onedrive\ドキュメント\github\hal_04_proto_hanabi\hal_04_proto_hanabi\hanabiproto_jump\x64\debug\sample.ilk
c:\users\acyb1\onedrive\ドキュメント\github\hal_04_proto_hanabi\hal_04_proto_hanabi\hanabiproto_jump\x64\debug\sample.pdb
c:\users\acyb1\documents\github\hal_04_proto_hanabi\hanabiproto_jump\x64\debug\akariobject.obj
c:\users\acyb1\documents\github\hal_04_proto_hanabi\hanabiproto_jump\x64\debug\attackhanabi.obj
c:\users\acyb1\documents\github\hal_04_proto_hanabi\hanabiproto_jump\x64\debug\benriclass.obj
c:\users\acyb1\documents\github\hal_04_proto_hanabi\hanabiproto_jump\x64\debug\bg.obj
c:\users\acyb1\documents\github\hal_04_proto_hanabi\hanabiproto_jump\x64\debug\camera.obj
c:\users\acyb1\documents\github\hal_04_proto_hanabi\hanabiproto_jump\x64\debug\clear_result.obj
c:\users\acyb1\documents\github\hal_04_proto_hanabi\hanabiproto_jump\x64\debug\collision.obj
c:\users\acyb1\documents\github\hal_04_proto_hanabi\hanabiproto_jump\x64\debug\enemy.obj
c:\users\acyb1\documents\github\hal_04_proto_hanabi\hanabiproto_jump\x64\debug\game.obj
c:\users\acyb1\documents\github\hal_04_proto_hanabi\hanabiproto_jump\x64\debug\gameover_result.obj
c:\users\acyb1\documents\github\hal_04_proto_hanabi\hanabiproto_jump\x64\debug\input.obj
c:\users\acyb1\documents\github\hal_04_proto_hanabi\hanabiproto_jump\x64\debug\inputx.obj
c:\users\acyb1\documents\github\hal_04_proto_hanabi\hanabiproto_jump\x64\debug\main.obj
c:\users\acyb1\documents\github\hal_04_proto_hanabi\hanabiproto_jump\x64\debug\player.obj
c:\users\acyb1\documents\github\hal_04_proto_hanabi\hanabiproto_jump\x64\debug\renderer.obj
c:\users\acyb1\documents\github\hal_04_proto_hanabi\hanabiproto_jump\x64\debug\score.obj
c:\users\acyb1\documents\github\hal_04_proto_hanabi\hanabiproto_jump\x64\debug\stage.obj
c:\users\acyb1\documents\github\hal_04_proto_hanabi\hanabiproto_jump\x64\debug\texture.obj
c:\users\acyb1\documents\github\hal_04_proto_hanabi\hanabiproto_jump\x64\debug\timemanager.obj
c:\users\acyb1\documents\github\hal_04_proto_hanabi\hanabiproto_jump\x64\debug\title.obj
c:\users\acyb1\documents\github\hal_04_proto_hanabi\hanabiproto_jump\x64\debug\sample.ilk
c:\users\acyb1\documents\github\hal_04_proto_hanabi\hanabiproto_jump\x64\debug\sample.pdb
c:\users\acyb1\documents\github\hal_04_proto_hanabi\hanabiproto_jump\x64\debug\sample.exe
c:\users\acyb1\documents\github\hal_04_proto_hanabi\hanabiproto_jump\x64\debug\sample.tlog\cl.command.1.tlog
c:\users\acyb1\documents\github\hal_04_proto_hanabi\hanabiproto_jump\x64\debug\sample.tlog\cl.read.1.tlog
c:\users\acyb1\documents\github\hal_04_proto_hanabi\hanabiproto_jump\x64\debug\sample.tlog\cl.write.1.tlog
c:\users\acyb1\documents\github\hal_04_proto_hanabi\hanabiproto_jump\x64\debug\sample.tlog\link.command.1.tlog
c:\users\acyb1\documents\github\hal_04_proto_hanabi\hanabiproto_jump\x64\debug\sample.tlog\link.read.1.tlog
c:\users\acyb1\documents\github\hal_04_proto_hanabi\hanabiproto_jump\x64\debug\sample.tlog\link.write.1.tlog
