  bg.cpp
  camera.cpp
  collision.cpp
c:\users\出浦　大基\onedrive\ドキュメント\github\hal_04_proto_hanabi\hanabiproto\collision.cpp(15): warning C4244: '=': 'double' から 'float' への変換です。データが失われる可能性があります。
  game.cpp
  input.cpp
  main.cpp
  akariobject.cpp
  player.cpp
c:\users\出浦　大基\onedrive\ドキュメント\github\hal_04_proto_hanabi\hanabiproto\player.cpp(100): error C2039: 'muki': 'PLAYER' のメンバーではありません。
  c:\users\出浦　大基\onedrive\ドキュメント\github\hal_04_proto_hanabi\hanabiproto\player.h(18): note: 'PLAYER' の宣言を確認してください
c:\users\出浦　大基\onedrive\ドキュメント\github\hal_04_proto_hanabi\hanabiproto\player.cpp(105): error C2039: 'muki': 'PLAYER' のメンバーではありません。
  c:\users\出浦　大基\onedrive\ドキュメント\github\hal_04_proto_hanabi\hanabiproto\player.h(18): note: 'PLAYER' の宣言を確認してください
c:\users\出浦　大基\onedrive\ドキュメント\github\hal_04_proto_hanabi\hanabiproto\player.cpp(110): error C2039: 'muki': 'PLAYER' のメンバーではありません。
  c:\users\出浦　大基\onedrive\ドキュメント\github\hal_04_proto_hanabi\hanabiproto\player.h(18): note: 'PLAYER' の宣言を確認してください
c:\users\出浦　大基\onedrive\ドキュメント\github\hal_04_proto_hanabi\hanabiproto\player.cpp(115): error C2039: 'muki': 'PLAYER' のメンバーではありません。
  c:\users\出浦　大基\onedrive\ドキュメント\github\hal_04_proto_hanabi\hanabiproto\player.h(18): note: 'PLAYER' の宣言を確認してください
c:\users\出浦　大基\onedrive\ドキュメント\github\hal_04_proto_hanabi\hanabiproto\player.cpp(119): error C2039: 'uv': 'PLAYER' のメンバーではありません。
  c:\users\出浦　大基\onedrive\ドキュメント\github\hal_04_proto_hanabi\hanabiproto\player.h(18): note: 'PLAYER' の宣言を確認してください
c:\users\出浦　大基\onedrive\ドキュメント\github\hal_04_proto_hanabi\hanabiproto\player.cpp(119): error C2039: 'muki': 'PLAYER' のメンバーではありません。
  c:\users\出浦　大基\onedrive\ドキュメント\github\hal_04_proto_hanabi\hanabiproto\player.h(18): note: 'PLAYER' の宣言を確認してください
c:\users\出浦　大基\onedrive\ドキュメント\github\hal_04_proto_hanabi\hanabiproto\player.cpp(152): error C2039: 'uv': 'PLAYER' のメンバーではありません。
  c:\users\出浦　大基\onedrive\ドキュメント\github\hal_04_proto_hanabi\hanabiproto\player.h(18): note: 'PLAYER' の宣言を確認してください
c:\users\出浦　大基\onedrive\ドキュメント\github\hal_04_proto_hanabi\hanabiproto\player.cpp(151): error C2660: 'DrawSprite': 関数に 7 個の引数を指定できません。
  c:\users\出浦　大基\onedrive\ドキュメント\github\hal_04_proto_hanabi\hanabiproto\sprite.h(23): note: 'DrawSprite' の宣言を確認してください
c:\users\出浦　大基\onedrive\ドキュメント\github\hal_04_proto_hanabi\hanabiproto\player.cpp(154): error C2039: 'animeWait': 'PLAYER' のメンバーではありません。
  c:\users\出浦　大基\onedrive\ドキュメント\github\hal_04_proto_hanabi\hanabiproto\player.h(18): note: 'PLAYER' の宣言を確認してください
c:\users\出浦　大基\onedrive\ドキュメント\github\hal_04_proto_hanabi\hanabiproto\player.cpp(157): error C2039: 'animeWait': 'PLAYER' のメンバーではありません。
  c:\users\出浦　大基\onedrive\ドキュメント\github\hal_04_proto_hanabi\hanabiproto\player.h(18): note: 'PLAYER' の宣言を確認してください
c:\users\出浦　大基\onedrive\ドキュメント\github\hal_04_proto_hanabi\hanabiproto\player.cpp(160): error C2039: 'animeIndex': 'PLAYER' のメンバーではありません。
  c:\users\出浦　大基\onedrive\ドキュメント\github\hal_04_proto_hanabi\hanabiproto\player.h(18): note: 'PLAYER' の宣言を確認してください
c:\users\出浦　大基\onedrive\ドキュメント\github\hal_04_proto_hanabi\hanabiproto\player.cpp(162): error C2039: 'animeIndex': 'PLAYER' のメンバーではありません。
  c:\users\出浦　大基\onedrive\ドキュメント\github\hal_04_proto_hanabi\hanabiproto\player.h(18): note: 'PLAYER' の宣言を確認してください
c:\users\出浦　大基\onedrive\ドキュメント\github\hal_04_proto_hanabi\hanabiproto\player.cpp(165): error C2039: 'animeIndex': 'PLAYER' のメンバーではありません。
  c:\users\出浦　大基\onedrive\ドキュメント\github\hal_04_proto_hanabi\hanabiproto\player.h(18): note: 'PLAYER' の宣言を確認してください
c:\users\出浦　大基\onedrive\ドキュメント\github\hal_04_proto_hanabi\hanabiproto\player.cpp(169): error C2039: 'uv': 'PLAYER' のメンバーではありません。
  c:\users\出浦　大基\onedrive\ドキュメント\github\hal_04_proto_hanabi\hanabiproto\player.h(18): note: 'PLAYER' の宣言を確認してください
c:\users\出浦　大基\onedrive\ドキュメント\github\hal_04_proto_hanabi\hanabiproto\player.cpp(169): error C2039: 'animeIndex': 'PLAYER' のメンバーではありません。
  c:\users\出浦　大基\onedrive\ドキュメント\github\hal_04_proto_hanabi\hanabiproto\player.h(18): note: 'PLAYER' の宣言を確認してください
c:\users\出浦　大基\onedrive\ドキュメント\github\hal_04_proto_hanabi\hanabiproto\player.cpp(172): error C2039: 'animeWait': 'PLAYER' のメンバーではありません。
  c:\users\出浦　大基\onedrive\ドキュメント\github\hal_04_proto_hanabi\hanabiproto\player.h(18): note: 'PLAYER' の宣言を確認してください
  renderer.cpp
  sound.cpp
  sprite.cpp
  コードを生成中...
